mktextfm ecrm1200+20
mktextfm ecrm1200-20
mktextfm ecrm1440+20
mktextfm ecrm1440-20
mktextfm eccc1200+20
mktextfm eccc1200-20
mktextfm ecrm1095+20
mktextfm ecrm1095-20
mktextfm eccc1095+20
mktextfm eccc1095-20
mktextfm cmr12+20
mktextfm cmr12-20
mktextfm cmr10+20
mktextfm cmr10-20
mktextfm ecti1200+20
mktextfm ecti1200-20
mktextfm cmr12+20
mktextfm cmr12-20
mktextfm ecrm1200+20
mktextfm ecrm1200-20
mktextfm ecrm1440+20
mktextfm ecrm1440-20
mktextfm eccc1200+20
mktextfm eccc1200-20
mktextfm ecrm1095+20
mktextfm ecrm1095-20
mktextfm eccc1095+20
mktextfm eccc1095-20
mktextfm cmr12+20
mktextfm cmr12-20
mktextfm cmr10+20
mktextfm cmr10-20
mktextfm ecti1200+20
mktextfm ecti1200-20
mktextfm cmr12+20
mktextfm cmr12-20
mktextfm ecrm1200+20
mktextfm ecrm1200-20
mktextfm ecrm1440+20
mktextfm ecrm1440-20
mktextfm eccc1200+20
mktextfm eccc1200-20
mktextfm ecrm1095+20
mktextfm ecrm1095-20
mktextfm eccc1095+20
mktextfm eccc1095-20
mktextfm cmr12+20
mktextfm cmr12-20
mktextfm cmr10+20
mktextfm cmr10-20
mktextfm ecti1200+20
mktextfm ecti1200-20
mktextfm cmr12+20
mktextfm cmr12-20
mktextfm ecrm1200+20
mktextfm ecrm1200-20
mktextfm ecrm1440+20
mktextfm ecrm1440-20
mktextfm eccc1200+20
mktextfm eccc1200-20
mktextfm ecrm1095+20
mktextfm ecrm1095-20
mktextfm eccc1095+20
mktextfm eccc1095-20
mktextfm cmr12+20
mktextfm cmr12-20
mktextfm cmr10+20
mktextfm cmr10-20
mktextfm ecti1200+20
mktextfm ecti1200-20
mktextfm cmr12+20
mktextfm cmr12-20
mktextfm ecrm1200+20
mktextfm ecrm1200-20
mktextfm ecrm1440+20
mktextfm ecrm1440-20
mktextfm eccc1200+20
mktextfm eccc1200-20
mktextfm ecrm1095+20
mktextfm ecrm1095-20
mktextfm eccc1095+20
mktextfm eccc1095-20
mktextfm cmr12+20
mktextfm cmr12-20
mktextfm cmr10+20
mktextfm cmr10-20
mktextfm ecti1200+20
mktextfm ecti1200-20
mktextfm cmr12+20
mktextfm cmr12-20
mktextfm ecrm1200+20
mktextfm ecrm1200-20
mktextfm ecrm1440+20
mktextfm ecrm1440-20
mktextfm eccc1200+20
mktextfm eccc1200-20
mktextfm ecrm1095+20
mktextfm ecrm1095-20
mktextfm eccc1095+20
mktextfm eccc1095-20
mktextfm cmr12+20
mktextfm cmr12-20
mktextfm cmr10+20
mktextfm cmr10-20
mktextfm ecti1200+20
mktextfm ecti1200-20
mktextfm cmr12+20
mktextfm cmr12-20
mktextfm cmr12+20
mktextfm cmr12-20
mktextfm cmr12+20
mktextfm cmr12-20
mktextfm cmcsc10+20
mktextfm cmcsc10-20
mktextfm cmr10+20
mktextfm cmr10-20
mktextfm cmcsc10+20
mktextfm cmcsc10-20
mktextfm cmr10+20
mktextfm cmr10-20
mktextfm cmti12+20
mktextfm cmti12-20
mktextfm ecrm1200+20
mktextfm ecrm1200-20
mktextfm ecrm1440+20
mktextfm ecrm1440-20
mktextfm eccc1200+20
mktextfm eccc1200-20
mktextfm ecrm1095+20
mktextfm ecrm1095-20
mktextfm eccc1095+20
mktextfm eccc1095-20
mktextfm cmr12+20
mktextfm cmr12-20
mktextfm cmr10+20
mktextfm cmr10-20
mktextfm ecti1200+20
mktextfm ecti1200-20
mktextfm cmr12+20
mktextfm cmr12-20
mktextfm ecrm1200+20
mktextfm ecrm1200-20
mktextfm ecrm1440+20
mktextfm ecrm1440-20
mktextfm eccc1200+20
mktextfm eccc1200-20
mktextfm ecrm1095+20
mktextfm ecrm1095-20
mktextfm eccc1095+20
mktextfm eccc1095-20
mktextfm cmr12+20
mktextfm cmr12-20
mktextfm cmr10+20
mktextfm cmr10-20
mktextfm ecti1200+20
mktextfm ecti1200-20
mktextfm cmr12+20
mktextfm cmr12-20
mktextfm ecrm1200+20
mktextfm ecrm1200-20
mktextfm ecrm1440+20
mktextfm ecrm1440-20
mktextfm eccc1200+20
mktextfm eccc1200-20
mktextfm ecrm1095+20
mktextfm ecrm1095-20
mktextfm eccc1095+20
mktextfm eccc1095-20
mktextfm cmr12+20
mktextfm cmr12-20
mktextfm cmr10+20
mktextfm cmr10-20
mktextfm ecti1200+20
mktextfm ecti1200-20
mktextfm cmr12+20
mktextfm cmr12-20
mktextfm ecrm1000+20
mktextfm ecrm1000-20
mktextfm ecrm1200+20
mktextfm ecrm1200-20
mktextfm eccc1000+20
mktextfm eccc1000-20
mktextfm ecrm0900+20
mktextfm ecrm0900-20
mktextfm eccc0900+20
mktextfm eccc0900-20
mktextfm cmr12+20
mktextfm cmr12-20
mktextfm cmr8+20
mktextfm cmr8-20
mktextfm ecti1000+20
mktextfm ecti1000-20
mktextfm cmr10+20
mktextfm cmr10-20
mktextfm ecrm1200+20
mktextfm ecrm1200-20
mktextfm ecrm1440+20
mktextfm ecrm1440-20
mktextfm eccc1200+20
mktextfm eccc1200-20
mktextfm ecrm1095+20
mktextfm ecrm1095-20
mktextfm eccc1095+20
mktextfm eccc1095-20
mktextfm cmr12+20
mktextfm cmr12-20
mktextfm cmr10+20
mktextfm cmr10-20
mktextfm ecti1200+20
mktextfm ecti1200-20
mktextfm cmr12+20
mktextfm cmr12-20
mktextfm ptmr8t+20
mktextfm ptmr8t-20
mktextfm ptmr8t+20
mktextfm ptmr8t-20
mktextfm ptmrc8t+20
mktextfm ptmrc8t-20
mktextfm ptmr8t+20
mktextfm ptmr8t-20
mktextfm ptmrc8t+20
mktextfm ptmrc8t-20
mktextfm ptmri8t+20
mktextfm ptmri8t-20
mktextfm ptmr8t+20
mktextfm ptmr8t-20
mktextfm ptmrc8t+20
mktextfm ptmrc8t-20
mktextfm ptmr8t+20
mktextfm ptmr8t-20
mktextfm ptmr8t+20
mktextfm ptmr8t-20
mktextfm ptmrc8t+20
mktextfm ptmrc8t-20
mktextfm ptmr8t+20
mktextfm ptmr8t-20
mktextfm ptmrc8t+20
mktextfm ptmrc8t-20
mktextfm ptmri8t+20
mktextfm ptmri8t-20
mktextfm ptmr8t+20
mktextfm ptmr8t-20
mktextfm ptmrc8t+20
mktextfm ptmrc8t-20
mktextfm ptmr8t+20
mktextfm ptmr8t-20
mktextfm ptmr8t+20
mktextfm ptmr8t-20
mktextfm ptmrc8t+20
mktextfm ptmrc8t-20
mktextfm ptmr8t+20
mktextfm ptmr8t-20
mktextfm ptmrc8t+20
mktextfm ptmrc8t-20
mktextfm ptmri8t+20
mktextfm ptmri8t-20
mktextfm ptmr8t+20
mktextfm ptmr8t-20
mktextfm ptmrc8t+20
mktextfm ptmrc8t-20
mktextfm ecrm1200+20
mktextfm ecrm1200-20
mktextfm ecrm1440+20
mktextfm ecrm1440-20
mktextfm eccc1200+20
mktextfm eccc1200-20
mktextfm ecrm1000+20
mktextfm ecrm1000-20
mktextfm eccc1000+20
mktextfm eccc1000-20
mktextfm cmr12+20
mktextfm cmr12-20
mktextfm cmr10+20
mktextfm cmr10-20
mktextfm ecti1200+20
mktextfm ecti1200-20
mktextfm cmr12+20
mktextfm cmr12-20
mktextfm cmr12+20
mktextfm cmr12-20
mktextfm cmr12+20
mktextfm cmr12-20
mktextfm cmcsc10+20
mktextfm cmcsc10-20
mktextfm cmr10+20
mktextfm cmr10-20
mktextfm cmcsc10+20
mktextfm cmcsc10-20
mktextfm cmti12+20
mktextfm cmti12-20
mktextfm cmr12+20
mktextfm cmr12-20
mktextfm cmr12+20
mktextfm cmr12-20
mktextfm cmcsc10+20
mktextfm cmcsc10-20
mktextfm cmr10+20
mktextfm cmr10-20
mktextfm cmcsc10+20
mktextfm cmcsc10-20
mktextfm cmti12+20
mktextfm cmti12-20
